31.07.2024 10:12:09 (Maksud-PC) : DRAWING PARTS DELETED: A   [EA.1003]
31.07.2024 10:12:09 (Maksud-PC) : DRAWING PARTS DELETED: A   [EP.1009]
31.07.2024 10:12:09 (Maksud-PC) : DRAWING PARTS DELETED: A   [EP.1013]
31.07.2024 10:12:09 (Maksud-PC) : DRAWING PARTS DELETED: A   [EP.1011]
31.07.2024 10:12:09 (Maksud-PC) : DRAWING PARTS DELETED: A   [EP.1008]
31.07.2024 10:12:09 (Maksud-PC) : DRAWING PARTS DELETED: A   [EA.1004]
31.07.2024 10:12:09 (Maksud-PC) : DRAWING PARTS DELETED: A   [EP.1010]
31.07.2024 10:12:09 (Maksud-PC) : DRAWING PARTS DELETED: W   [ps.20]
31.07.2024 10:12:11 (Maksud-PC) : DRAWING PARTS DELETED: W   [ps.23]
31.07.2024 10:12:11 (Maksud-PC) : DRAWING PARTS DELETED: W   [ps.22]
31.07.2024 10:12:11 (Maksud-PC) : DRAWING PARTS DELETED: A   [EP.1014]
31.07.2024 10:12:11 (Maksud-PC) : DRAWING PARTS DELETED: A   [EP.1012]
31.07.2024 10:12:11 (Maksud-PC) : DRAWING PARTS DELETED: A   [EA.1002]
31.07.2024 10:12:11 (Maksud-PC) : DRAWING PARTS DELETED: A   [EA.1000]
31.07.2024 10:12:11 (Maksud-PC) : DRAWING PARTS DELETED: A   [EP.1002]
31.07.2024 10:12:11 (Maksud-PC) : DRAWING PARTS DELETED: A   [EP.1001]
31.07.2024 10:12:11 (Maksud-PC) : DRAWING PARTS DELETED: A   [EP.1005]
31.07.2024 10:12:11 (Maksud-PC) : DRAWING PARTS DELETED: A   [EP.1006]
31.07.2024 10:12:12 (Maksud-PC) : DRAWING PARTS DELETED: A   [EP.1007]
31.07.2024 10:12:12 (Maksud-PC) : DRAWING PARTS DELETED: A   [EP.1003]
31.07.2024 10:12:12 (Maksud-PC) : DRAWING PARTS DELETED: A   [EP.1004]
31.07.2024 10:12:12 (Maksud-PC) : DRAWING PARTS DELETED: A   [EP.1000]
31.07.2024 10:12:12 (Maksud-PC) : DRAWING PARTS DELETED: W   [ps.18]
31.07.2024 10:12:12 (Maksud-PC) : DRAWING PARTS DELETED: A   [AR.1000]
31.07.2024 10:12:12 (Maksud-PC) : DRAWING PARTS DELETED: W   [ps.14]
31.07.2024 10:12:12 (Maksud-PC) : DRAWING PARTS DELETED: W   [ps.24]
31.07.2024 10:12:12 (Maksud-PC) : DRAWING PARTS DELETED: W   [ps.19]
31.07.2024 10:12:12 (Maksud-PC) : DRAWING PARTS DELETED: W   [ms.1]
31.07.2024 10:12:12 (Maksud-PC) : DRAWING PARTS DELETED: A   [A.1011]
31.07.2024 10:12:12 (Maksud-PC) : DRAWING PARTS DELETED: A   [P.1000]
31.07.2024 10:12:12 (Maksud-PC) : DRAWING PARTS DELETED: A   [P.1001]
31.07.2024 10:12:12 (Maksud-PC) : DRAWING PARTS DELETED: A   [A.1003]
31.07.2024 10:12:12 (Maksud-PC) : DRAWING PARTS DELETED: A   [A.1010]
31.07.2024 10:12:12 (Maksud-PC) : DRAWING PARTS DELETED: A   [P.1002]
31.07.2024 10:12:12 (Maksud-PC) : DRAWING PARTS DELETED: A   [A.1004]
31.07.2024 10:12:12 (Maksud-PC) : DRAWING PARTS DELETED: A   [A.1005]
31.07.2024 10:12:12 (Maksud-PC) : DRAWING PARTS DELETED: A   [A.1008]
31.07.2024 10:12:12 (Maksud-PC) : DRAWING PARTS DELETED: A   [A.1007]
31.07.2024 10:12:13 (Maksud-PC) : DRAWING PARTS DELETED: A   [A.1006]
31.07.2024 10:12:13 (Maksud-PC) : DRAWING PARTS DELETED: A   [TP.1000]
31.07.2024 10:12:13 (Maksud-PC) : DRAWING PARTS DELETED: A   [BPL.1000]
31.07.2024 10:12:13 (Maksud-PC) : DRAWING PARTS DELETED: A   [ECH.1001]
31.07.2024 10:12:14 (Maksud-PC) : DRAWING PARTS DELETED: A   [A.1002]
31.07.2024 10:12:14 (Maksud-PC) : DRAWING PARTS DELETED: A   [A.1001]
31.07.2024 10:12:14 (Maksud-PC) : DRAWING PARTS DELETED: A   [ECH.1000]
31.07.2024 10:12:14 (Maksud-PC) : DRAWING PARTS DELETED: A   [A.1000]
31.07.2024 10:12:14 (Maksud-PC) : DRAWING PARTS DELETED: A   [C.1000]
31.07.2024 10:12:14 (Maksud-PC) : DRAWING PARTS DELETED: A   [C.1003]
31.07.2024 10:12:14 (Maksud-PC) : DRAWING PARTS DELETED: A   [C.1002]
31.07.2024 10:12:14 (Maksud-PC) : DRAWING PARTS DELETED: A   [C.1001]
31.07.2024 10:15:35 (Maksud-PC) : DRAWING PARTS DELETED: A   [EA.1003]
31.07.2024 10:15:35 (Maksud-PC) : DRAWING PARTS DELETED: A   [EP.1009]
31.07.2024 10:15:35 (Maksud-PC) : DRAWING PARTS DELETED: A   [EP.1013]
31.07.2024 10:15:35 (Maksud-PC) : DRAWING PARTS DELETED: A   [EP.1011]
31.07.2024 10:15:35 (Maksud-PC) : DRAWING PARTS DELETED: A   [EP.1008]
31.07.2024 10:15:35 (Maksud-PC) : DRAWING PARTS DELETED: A   [EA.1004]
31.07.2024 10:15:35 (Maksud-PC) : DRAWING PARTS DELETED: A   [EP.1010]
31.07.2024 10:15:36 (Maksud-PC) : DRAWING PARTS DELETED: W   [ps.20]
31.07.2024 10:15:36 (Maksud-PC) : DRAWING PARTS DELETED: W   [ps.23]
31.07.2024 10:15:36 (Maksud-PC) : DRAWING PARTS DELETED: W   [ps.22]
31.07.2024 10:15:36 (Maksud-PC) : DRAWING PARTS DELETED: A   [EP.1014]
31.07.2024 10:15:36 (Maksud-PC) : DRAWING PARTS DELETED: A   [EP.1012]
31.07.2024 10:15:37 (Maksud-PC) : DRAWING PARTS DELETED: A   [EA.1002]
31.07.2024 10:15:37 (Maksud-PC) : DRAWING PARTS DELETED: A   [EA.1000]
31.07.2024 10:15:37 (Maksud-PC) : DRAWING PARTS DELETED: A   [EP.1002]
31.07.2024 10:15:37 (Maksud-PC) : DRAWING PARTS DELETED: A   [EP.1001]
31.07.2024 10:15:37 (Maksud-PC) : DRAWING PARTS DELETED: A   [EP.1005]
31.07.2024 10:15:37 (Maksud-PC) : DRAWING PARTS DELETED: A   [EP.1006]
31.07.2024 10:15:37 (Maksud-PC) : DRAWING PARTS DELETED: A   [EP.1007]
31.07.2024 10:15:37 (Maksud-PC) : DRAWING PARTS DELETED: A   [EP.1003]
31.07.2024 10:15:37 (Maksud-PC) : DRAWING PARTS DELETED: A   [EP.1004]
31.07.2024 10:15:37 (Maksud-PC) : DRAWING PARTS DELETED: A   [EP.1000]
31.07.2024 10:15:37 (Maksud-PC) : DRAWING PARTS DELETED: W   [ps.18]
31.07.2024 10:15:37 (Maksud-PC) : DRAWING PARTS DELETED: A   [AR.1000]
31.07.2024 10:15:37 (Maksud-PC) : DRAWING PARTS DELETED: W   [ps.14]
31.07.2024 10:15:37 (Maksud-PC) : DRAWING PARTS DELETED: W   [ps.24]
31.07.2024 10:15:37 (Maksud-PC) : DRAWING PARTS DELETED: W   [ps.19]
31.07.2024 10:15:37 (Maksud-PC) : DRAWING PARTS DELETED: W   [ms.1]
31.07.2024 10:15:37 (Maksud-PC) : DRAWING PARTS DELETED: A   [A.1011]
31.07.2024 10:15:37 (Maksud-PC) : DRAWING PARTS DELETED: A   [P.1000]
31.07.2024 10:15:37 (Maksud-PC) : DRAWING PARTS DELETED: A   [P.1001]
31.07.2024 10:15:37 (Maksud-PC) : DRAWING PARTS DELETED: A   [A.1003]
31.07.2024 10:15:37 (Maksud-PC) : DRAWING PARTS DELETED: A   [A.1010]
31.07.2024 10:15:37 (Maksud-PC) : DRAWING PARTS DELETED: A   [P.1002]
31.07.2024 10:15:37 (Maksud-PC) : DRAWING PARTS DELETED: A   [A.1004]
31.07.2024 10:15:37 (Maksud-PC) : DRAWING PARTS DELETED: A   [A.1005]
31.07.2024 10:15:37 (Maksud-PC) : DRAWING PARTS DELETED: A   [A.1008]
31.07.2024 10:15:37 (Maksud-PC) : DRAWING PARTS DELETED: A   [A.1007]
31.07.2024 10:15:37 (Maksud-PC) : DRAWING PARTS DELETED: A   [A.1006]
31.07.2024 10:15:37 (Maksud-PC) : DRAWING PARTS DELETED: A   [TP.1000]
31.07.2024 10:15:38 (Maksud-PC) : DRAWING PARTS DELETED: A   [BPL.1000]
31.07.2024 10:15:38 (Maksud-PC) : DRAWING PARTS DELETED: A   [ECH.1001]
31.07.2024 10:15:38 (Maksud-PC) : DRAWING PARTS DELETED: A   [A.1002]
31.07.2024 10:15:38 (Maksud-PC) : DRAWING PARTS DELETED: A   [A.1001]
31.07.2024 10:15:38 (Maksud-PC) : DRAWING PARTS DELETED: A   [ECH.1000]
31.07.2024 10:15:38 (Maksud-PC) : DRAWING PARTS DELETED: A   [A.1000]
31.07.2024 10:15:38 (Maksud-PC) : DRAWING PARTS DELETED: A   [C.1000]
31.07.2024 10:15:38 (Maksud-PC) : DRAWING PARTS DELETED: A   [C.1003]
31.07.2024 10:15:38 (Maksud-PC) : DRAWING PARTS DELETED: A   [C.1002]
31.07.2024 10:15:38 (Maksud-PC) : DRAWING PARTS DELETED: A   [C.1001]
31.07.2024 10:24:41 (Maksud-PC) : DRAWING DELETED: A   [A.1000]
31.07.2024 10:24:41 (Maksud-PC) : DRAWING DELETED: A   [A.1001]
31.07.2024 10:24:41 (Maksud-PC) : DRAWING DELETED: A   [A.1002]
31.07.2024 10:24:41 (Maksud-PC) : DRAWING DELETED: A   [A.1003]
31.07.2024 10:24:41 (Maksud-PC) : DRAWING DELETED: A   [A.1004]
31.07.2024 10:24:41 (Maksud-PC) : DRAWING DELETED: A   [A.1005]
31.07.2024 10:24:41 (Maksud-PC) : DRAWING DELETED: A   [A.1006]
31.07.2024 10:24:41 (Maksud-PC) : DRAWING DELETED: A   [A.1007]
31.07.2024 10:24:41 (Maksud-PC) : DRAWING DELETED: A   [A.1008]
31.07.2024 10:24:41 (Maksud-PC) : DRAWING DELETED: A   [A.1010]
31.07.2024 10:24:41 (Maksud-PC) : DRAWING DELETED: A   [BPL.1000]
31.07.2024 10:24:41 (Maksud-PC) : DRAWING DELETED: A   [C.1000]
31.07.2024 10:24:41 (Maksud-PC) : DRAWING DELETED: A   [C.1001]
31.07.2024 10:24:41 (Maksud-PC) : DRAWING DELETED: A   [C.1002]
31.07.2024 10:24:41 (Maksud-PC) : DRAWING DELETED: A   [C.1003]
31.07.2024 10:24:41 (Maksud-PC) : DRAWING DELETED: A   [EA.1000]
31.07.2024 10:24:41 (Maksud-PC) : DRAWING DELETED: A   [EA.1002]
31.07.2024 10:24:41 (Maksud-PC) : DRAWING DELETED: A   [EA.1003]
31.07.2024 10:24:41 (Maksud-PC) : DRAWING DELETED: A   [EA.1004]
31.07.2024 10:24:42 (Maksud-PC) : DRAWING DELETED: A   [ECH.1000]
31.07.2024 10:24:42 (Maksud-PC) : DRAWING DELETED: A   [ECH.1001]
31.07.2024 10:24:42 (Maksud-PC) : DRAWING DELETED: A   [EP.1000]
31.07.2024 10:24:42 (Maksud-PC) : DRAWING DELETED: A   [EP.1001]
31.07.2024 10:24:42 (Maksud-PC) : DRAWING DELETED: A   [EP.1002]
31.07.2024 10:24:42 (Maksud-PC) : DRAWING DELETED: A   [EP.1003]
31.07.2024 10:24:42 (Maksud-PC) : DRAWING DELETED: A   [EP.1004]
31.07.2024 10:24:42 (Maksud-PC) : DRAWING DELETED: A   [EP.1005]
31.07.2024 10:24:42 (Maksud-PC) : DRAWING DELETED: A   [EP.1006]
31.07.2024 10:24:42 (Maksud-PC) : DRAWING DELETED: A   [EP.1007]
31.07.2024 10:24:42 (Maksud-PC) : DRAWING DELETED: A   [EP.1008]
31.07.2024 10:24:42 (Maksud-PC) : DRAWING DELETED: A   [EP.1009]
31.07.2024 10:24:42 (Maksud-PC) : DRAWING DELETED: A   [EP.1010]
31.07.2024 10:24:42 (Maksud-PC) : DRAWING DELETED: A   [EP.1011]
31.07.2024 10:24:42 (Maksud-PC) : DRAWING DELETED: A   [EP.1012]
31.07.2024 10:24:42 (Maksud-PC) : DRAWING DELETED: A   [EP.1013]
31.07.2024 10:24:42 (Maksud-PC) : DRAWING DELETED: A   [EP.1014]
31.07.2024 10:24:42 (Maksud-PC) : DRAWING DELETED: A   [P.1000]
31.07.2024 10:24:42 (Maksud-PC) : DRAWING DELETED: A   [P.1001]
31.07.2024 10:24:42 (Maksud-PC) : DRAWING DELETED: A   [P.1002]
31.07.2024 10:24:42 (Maksud-PC) : DRAWING DELETED: A   [TP.1000]
31.07.2024 10:24:51 (Maksud-PC) : DRAWING DELETED: A   [A.1009]
31.07.2024 10:24:51 (Maksud-PC) : DRAWING DELETED: A   [A.1011]
31.07.2024 10:24:51 (Maksud-PC) : DRAWING DELETED: A   [EA.1001]
31.07.2024 10:25:10 (Maksud-PC) : DRAWING DELETED: W   [ms.1]
31.07.2024 10:25:10 (Maksud-PC) : DRAWING DELETED: W   [ps.14]
31.07.2024 10:25:10 (Maksud-PC) : DRAWING DELETED: W   [ps.18]
31.07.2024 10:25:10 (Maksud-PC) : DRAWING DELETED: W   [ps.19]
31.07.2024 10:25:10 (Maksud-PC) : DRAWING DELETED: W   [ps.20]
31.07.2024 10:25:10 (Maksud-PC) : DRAWING DELETED: W   [ps.22]
31.07.2024 10:25:10 (Maksud-PC) : DRAWING DELETED: W   [ps.23]
31.07.2024 10:25:10 (Maksud-PC) : DRAWING DELETED: W   [ps.24]
31.07.2024 10:25:18 (Maksud-PC) : DRAWING DELETED: M   [1]
31.07.2024 10:27:47 (Maksud-PC) : DRAWING DELETED: G   [2]
31.07.2024 10:27:47 (Maksud-PC) : DRAWING DELETED: G   [3]
31.07.2024 10:27:47 (Maksud-PC) : DRAWING DELETED: G   [4]
31.07.2024 10:27:47 (Maksud-PC) : DRAWING DELETED: G   [13]
31.07.2024 10:27:47 (Maksud-PC) : DRAWING DELETED: G   [5]
31.07.2024 10:27:47 (Maksud-PC) : DRAWING DELETED: G   [6]
31.07.2024 10:27:47 (Maksud-PC) : DRAWING DELETED: G   [7]
31.07.2024 10:27:48 (Maksud-PC) : DRAWING DELETED: G   [10]
31.07.2024 10:27:48 (Maksud-PC) : DRAWING DELETED: G   [11]
31.07.2024 10:27:48 (Maksud-PC) : DRAWING DELETED: G   [15]
31.07.2024 10:27:48 (Maksud-PC) : DRAWING DELETED: G   [17]
31.07.2024 10:27:48 (Maksud-PC) : DRAWING DELETED: G   [16]
31.07.2024 10:27:48 (Maksud-PC) : DRAWING DELETED: G   [22]
31.07.2024 10:27:48 (Maksud-PC) : DRAWING DELETED: G   [23]
31.07.2024 10:27:48 (Maksud-PC) : DRAWING DELETED: G   [8]
31.07.2024 10:27:48 (Maksud-PC) : DRAWING DELETED: G   [9]
31.07.2024 10:27:48 (Maksud-PC) : DRAWING DELETED: G   [20]
31.07.2024 10:27:48 (Maksud-PC) : DRAWING DELETED: G   [18]
31.07.2024 10:27:48 (Maksud-PC) : DRAWING DELETED: G   [19]
31.07.2024 10:27:48 (Maksud-PC) : DRAWING DELETED: G   [21]
31.07.2024 10:27:48 (Maksud-PC) : DRAWING DELETED: G   [12]
31.07.2024 10:27:48 (Maksud-PC) : DRAWING DELETED: G   [14]
31.07.2024 10:41:53 (Maksud-PC) : DRAWING PARTS DELETED: G   [2]
31.07.2024 10:41:53 (Maksud-PC) : DRAWING DELETED: G   [2]
